2015-03-03 16:44:25,111 [main] ERROR o.e.r.i.c.r.t.TemplatesCompletionProposalComputer - Failed to resolve super type of Optional.of(void connect() {key=Lch/hearc/freescale/connection/Connection;.connect()V|Ljava/lang/Exception;} [in Connection [in [Working copy] Connection.java [in ch.hearc.freescale.connection [in src [in Freescale]]]]])
java.lang.NullPointerException: null
	at com.google.common.base.Preconditions.checkNotNull(Preconditions.java:192) ~[com.google.guava_15.0.0.v201403281430.jar:na]
	at com.google.common.base.Optional.of(Optional.java:86) ~[com.google.guava_15.0.0.v201403281430.jar:na]
	at org.eclipse.recommenders.internal.calls.rcp.templates.TemplatesCompletionProposalComputer.getSupertypeOfThis(TemplatesCompletionProposalComputer.java:369) [org.eclipse.recommenders.calls.rcp_2.1.9.v20140917-1240.jar:na]
	at org.eclipse.recommenders.internal.calls.rcp.templates.TemplatesCompletionProposalComputer.findPotentialTypes(TemplatesCompletionProposalComputer.java:354) [org.eclipse.recommenders.calls.rcp_2.1.9.v20140917-1240.jar:na]
	at org.eclipse.recommenders.internal.calls.rcp.templates.TemplatesCompletionProposalComputer.computeCompletionProposals(TemplatesCompletionProposalComputer.java:163) [org.eclipse.recommenders.calls.rcp_2.1.9.v20140917-1240.jar:na]
	at org.eclipse.jdt.internal.ui.text.java.CompletionProposalComputerDescriptor.computeCompletionProposals(CompletionProposalComputerDescriptor.java:333) [org.eclipse.jdt.ui_3.10.1.v20140817-1500.jar:na]
	at org.eclipse.jdt.internal.ui.text.java.CompletionProposalCategory.computeCompletionProposals(CompletionProposalCategory.java:337) [org.eclipse.jdt.ui_3.10.1.v20140817-1500.jar:na]
	at org.eclipse.jdt.internal.ui.text.java.ContentAssistProcessor.collectProposals(ContentAssistProcessor.java:325) [org.eclipse.jdt.ui_3.10.1.v20140817-1500.jar:na]
	at org.eclipse.jdt.internal.ui.text.java.ContentAssistProcessor.computeCompletionProposals(ContentAssistProcessor.java:282) [org.eclipse.jdt.ui_3.10.1.v20140817-1500.jar:na]
	at org.eclipse.jface.text.contentassist.ContentAssistant.computeCompletionProposals(ContentAssistant.java:1861) [org.eclipse.jface.text_3.9.1.v20140827-1810.jar:na]
	at org.eclipse.jface.text.contentassist.CompletionProposalPopup.computeProposals(CompletionProposalPopup.java:573) [org.eclipse.jface.text_3.9.1.v20140827-1810.jar:na]
	at org.eclipse.jface.text.contentassist.CompletionProposalPopup.computeFilteredProposals(CompletionProposalPopup.java:1495) [org.eclipse.jface.text_3.9.1.v20140827-1810.jar:na]
	at org.eclipse.jface.text.contentassist.CompletionProposalPopup.access$4(CompletionProposalPopup.java:1484) [org.eclipse.jface.text_3.9.1.v20140827-1810.jar:na]
	at org.eclipse.jface.text.contentassist.CompletionProposalPopup$1.run(CompletionProposalPopup.java:382) [org.eclipse.jface.text_3.9.1.v20140827-1810.jar:na]
	at org.eclipse.swt.widgets.RunnableLock.run(RunnableLock.java:35) [org.eclipse.swt.win32.win32.x86_64_3.103.1.v20140903-1947.jar:na]
	at org.eclipse.swt.widgets.Synchronizer.runAsyncMessages(Synchronizer.java:136) [org.eclipse.swt.win32.win32.x86_64_3.103.1.v20140903-1947.jar:na]
	at org.eclipse.swt.widgets.Display.runAsyncMessages(Display.java:4147) [org.eclipse.swt.win32.win32.x86_64_3.103.1.v20140903-1947.jar:na]
	at org.eclipse.swt.widgets.Display.readAndDispatch(Display.java:3764) [org.eclipse.swt.win32.win32.x86_64_3.103.1.v20140903-1947.jar:na]
	at org.eclipse.ui.internal.dialogs.EventLoopProgressMonitor.runEventLoop(EventLoopProgressMonitor.java:128) [org.eclipse.ui.workbench_3.106.1.v20140827-1737.jar:na]
	at org.eclipse.ui.internal.dialogs.EventLoopProgressMonitor.internalWorked(EventLoopProgressMonitor.java:94) [org.eclipse.ui.workbench_3.106.1.v20140827-1737.jar:na]
	at org.eclipse.core.runtime.ProgressMonitorWrapper.internalWorked(ProgressMonitorWrapper.java:94) [org.eclipse.equinox.common_3.6.200.v20130402-1505.jar:na]
	at org.eclipse.core.runtime.SubProgressMonitor.internalWorked(SubProgressMonitor.java:155) [org.eclipse.equinox.common_3.6.200.v20130402-1505.jar:na]
	at org.eclipse.core.runtime.SubProgressMonitor.worked(SubProgressMonitor.java:181) [org.eclipse.equinox.common_3.6.200.v20130402-1505.jar:na]
	at org.eclipse.core.runtime.SubMonitor$RootInfo.worked(SubMonitor.java:284) [org.eclipse.equinox.common_3.6.200.v20130402-1505.jar:na]
	at org.eclipse.core.runtime.SubMonitor.internalWorked(SubMonitor.java:570) [org.eclipse.equinox.common_3.6.200.v20130402-1505.jar:na]
	at org.eclipse.core.runtime.ProgressMonitorWrapper.internalWorked(ProgressMonitorWrapper.java:94) [org.eclipse.equinox.common_3.6.200.v20130402-1505.jar:na]
	at org.eclipse.core.runtime.SubProgressMonitor.internalWorked(SubProgressMonitor.java:155) [org.eclipse.equinox.common_3.6.200.v20130402-1505.jar:na]
	at org.eclipse.core.runtime.ProgressMonitorWrapper.internalWorked(ProgressMonitorWrapper.java:94) [org.eclipse.equinox.common_3.6.200.v20130402-1505.jar:na]
	at org.eclipse.core.runtime.SubProgressMonitor.internalWorked(SubProgressMonitor.java:155) [org.eclipse.equinox.common_3.6.200.v20130402-1505.jar:na]
	at org.eclipse.core.runtime.ProgressMonitorWrapper.internalWorked(ProgressMonitorWrapper.java:94) [org.eclipse.equinox.common_3.6.200.v20130402-1505.jar:na]
	at org.eclipse.core.runtime.SubProgressMonitor.done(SubProgressMonitor.java:139) [org.eclipse.equinox.common_3.6.200.v20130402-1505.jar:na]
	at org.eclipse.jdt.internal.corext.fix.CleanUpPostSaveListener.saved(CleanUpPostSaveListener.java:441) [org.eclipse.jdt.ui_3.10.1.v20140817-1500.jar:na]
	at org.eclipse.jdt.internal.ui.javaeditor.CompilationUnitDocumentProvider$5.run(CompilationUnitDocumentProvider.java:1598) [org.eclipse.jdt.ui_3.10.1.v20140817-1500.jar:na]
	at org.eclipse.core.runtime.SafeRunner.run(SafeRunner.java:42) [org.eclipse.equinox.common_3.6.200.v20130402-1505.jar:na]
	at org.eclipse.jdt.internal.ui.javaeditor.CompilationUnitDocumentProvider.notifyPostSaveListeners(CompilationUnitDocumentProvider.java:1593) [org.eclipse.jdt.ui_3.10.1.v20140817-1500.jar:na]
	at org.eclipse.jdt.internal.ui.javaeditor.CompilationUnitDocumentProvider.commitWorkingCopy(CompilationUnitDocumentProvider.java:1380) [org.eclipse.jdt.ui_3.10.1.v20140817-1500.jar:na]
	at org.eclipse.jdt.internal.ui.javaeditor.CompilationUnitDocumentProvider$4.execute(CompilationUnitDocumentProvider.java:1458) [org.eclipse.jdt.ui_3.10.1.v20140817-1500.jar:na]
	at org.eclipse.ui.editors.text.TextFileDocumentProvider$DocumentProviderOperation.run(TextFileDocumentProvider.java:132) [org.eclipse.ui.editors_3.8.200.v20140401-1310.jar:na]
	at org.eclipse.ui.actions.WorkspaceModifyDelegatingOperation.execute(WorkspaceModifyDelegatingOperation.java:69) [org.eclipse.ui.ide_3.10.1.v20140828-0944.jar:na]
	at org.eclipse.ui.actions.WorkspaceModifyOperation$1.run(WorkspaceModifyOperation.java:106) [org.eclipse.ui.ide_3.10.1.v20140828-0944.jar:na]
	at org.eclipse.core.internal.resources.Workspace.run(Workspace.java:2313) [org.eclipse.core.resources_3.9.1.v20140825-1431.jar:na]
	at org.eclipse.ui.actions.WorkspaceModifyOperation.run(WorkspaceModifyOperation.java:118) [org.eclipse.ui.ide_3.10.1.v20140828-0944.jar:na]
	at org.eclipse.ui.internal.editors.text.WorkspaceOperationRunner.run(WorkspaceOperationRunner.java:75) [org.eclipse.ui.editors_3.8.200.v20140401-1310.jar:na]
	at org.eclipse.ui.internal.editors.text.WorkspaceOperationRunner.run(WorkspaceOperationRunner.java:65) [org.eclipse.ui.editors_3.8.200.v20140401-1310.jar:na]
	at org.eclipse.ui.editors.text.TextFileDocumentProvider.executeOperation(TextFileDocumentProvider.java:456) [org.eclipse.ui.editors_3.8.200.v20140401-1310.jar:na]
	at org.eclipse.ui.editors.text.TextFileDocumentProvider.saveDocument(TextFileDocumentProvider.java:772) [org.eclipse.ui.editors_3.8.200.v20140401-1310.jar:na]
	at org.eclipse.ui.texteditor.AbstractTextEditor.performSave(AbstractTextEditor.java:5076) [org.eclipse.ui.workbench.texteditor_3.9.0.v20140411-1521.jar:na]
	at org.eclipse.jdt.internal.ui.javaeditor.CompilationUnitEditor.performSave(CompilationUnitEditor.java:1247) [org.eclipse.jdt.ui_3.10.1.v20140817-1500.jar:na]
	at org.eclipse.jdt.internal.ui.javaeditor.CompilationUnitEditor.doSave(CompilationUnitEditor.java:1301) [org.eclipse.jdt.ui_3.10.1.v20140817-1500.jar:na]
	at org.eclipse.ui.texteditor.AbstractTextEditor$TextEditorSavable.doSave(AbstractTextEditor.java:7209) [org.eclipse.ui.workbench.texteditor_3.9.0.v20140411-1521.jar:na]
	at org.eclipse.ui.Saveable.doSave(Saveable.java:216) [org.eclipse.ui.workbench_3.106.1.v20140827-1737.jar:na]
	at org.eclipse.ui.internal.SaveableHelper.doSaveModel(SaveableHelper.java:355) [org.eclipse.ui.workbench_3.106.1.v20140827-1737.jar:na]
	at org.eclipse.ui.internal.SaveableHelper$3.run(SaveableHelper.java:199) [org.eclipse.ui.workbench_3.106.1.v20140827-1737.jar:na]
	at org.eclipse.ui.internal.SaveableHelper$5.run(SaveableHelper.java:283) [org.eclipse.ui.workbench_3.106.1.v20140827-1737.jar:na]
	at org.eclipse.jface.operation.ModalContext.runInCurrentThread(ModalContext.java:466) [org.eclipse.jface_3.10.1.v20140813-1009.jar:na]
	at org.eclipse.jface.operation.ModalContext.run(ModalContext.java:374) [org.eclipse.jface_3.10.1.v20140813-1009.jar:na]
	at org.eclipse.ui.internal.WorkbenchWindow$13.run(WorkbenchWindow.java:2157) [org.eclipse.ui.workbench_3.106.1.v20140827-1737.jar:na]
	at org.eclipse.swt.custom.BusyIndicator.showWhile(BusyIndicator.java:70) [org.eclipse.swt.win32.win32.x86_64_3.103.1.v20140903-1947.jar:na]
	at org.eclipse.ui.internal.WorkbenchWindow.run(WorkbenchWindow.java:2153) [org.eclipse.ui.workbench_3.106.1.v20140827-1737.jar:na]
	at org.eclipse.ui.internal.SaveableHelper.runProgressMonitorOperation(SaveableHelper.java:291) [org.eclipse.ui.workbench_3.106.1.v20140827-1737.jar:na]
	at org.eclipse.ui.internal.SaveableHelper.runProgressMonitorOperation(SaveableHelper.java:269) [org.eclipse.ui.workbench_3.106.1.v20140827-1737.jar:na]
	at org.eclipse.ui.internal.SaveableHelper.saveModels(SaveableHelper.java:211) [org.eclipse.ui.workbench_3.106.1.v20140827-1737.jar:na]
	at org.eclipse.ui.internal.SaveableHelper.savePart(SaveableHelper.java:146) [org.eclipse.ui.workbench_3.106.1.v20140827-1737.jar:na]
	at org.eclipse.ui.internal.WorkbenchPage.saveSaveable(WorkbenchPage.java:3915) [org.eclipse.ui.workbench_3.106.1.v20140827-1737.jar:na]
	at org.eclipse.ui.internal.WorkbenchPage.saveEditor(WorkbenchPage.java:3929) [org.eclipse.ui.workbench_3.106.1.v20140827-1737.jar:na]
	at org.eclipse.ui.internal.handlers.SaveHandler.execute(SaveHandler.java:54) [org.eclipse.ui.workbench_3.106.1.v20140827-1737.jar:na]
	at org.eclipse.ui.internal.handlers.HandlerProxy.execute(HandlerProxy.java:294) [org.eclipse.ui.workbench_3.106.1.v20140827-1737.jar:na]
	at org.eclipse.ui.internal.handlers.E4HandlerProxy.execute(E4HandlerProxy.java:90) [org.eclipse.ui.workbench_3.106.1.v20140827-1737.jar:na]
	at sun.reflect.GeneratedMethodAccessor40.invoke(Unknown Source) ~[na:na]
	at sun.reflect.DelegatingMethodAccessorImpl.invoke(Unknown Source) ~[na:1.8.0_31]
	at java.lang.reflect.Method.invoke(Unknown Source) ~[na:1.8.0_31]
	at org.eclipse.e4.core.internal.di.MethodRequestor.execute(MethodRequestor.java:55) [org.eclipse.e4.core.di_1.4.0.v20140414-1837.jar:na]
	at org.eclipse.e4.core.internal.di.InjectorImpl.invokeUsingClass(InjectorImpl.java:247) [org.eclipse.e4.core.di_1.4.0.v20140414-1837.jar:na]
	at org.eclipse.e4.core.internal.di.InjectorImpl.invoke(InjectorImpl.java:229) [org.eclipse.e4.core.di_1.4.0.v20140414-1837.jar:na]
	at org.eclipse.e4.core.contexts.ContextInjectionFactory.invoke(ContextInjectionFactory.java:132) [org.eclipse.e4.core.contexts_1.3.100.v20140407-1019.jar:na]
	at org.eclipse.e4.core.commands.internal.HandlerServiceHandler.execute(HandlerServiceHandler.java:149) [org.eclipse.e4.core.commands_0.10.2.v20140424-2344.jar:na]
	at org.eclipse.core.commands.Command.executeWithChecks(Command.java:499) [org.eclipse.core.commands_3.6.100.v20140528-1422.jar:na]
	at org.eclipse.core.commands.ParameterizedCommand.executeWithChecks(ParameterizedCommand.java:508) [org.eclipse.core.commands_3.6.100.v20140528-1422.jar:na]
	at org.eclipse.e4.core.commands.internal.HandlerServiceImpl.executeHandler(HandlerServiceImpl.java:210) [org.eclipse.e4.core.commands_0.10.2.v20140424-2344.jar:na]
	at org.eclipse.e4.ui.bindings.keys.KeyBindingDispatcher.executeCommand(KeyBindingDispatcher.java:286) [org.eclipse.e4.ui.bindings_0.10.200.v20140424-2042.jar:na]
	at org.eclipse.e4.ui.bindings.keys.KeyBindingDispatcher.press(KeyBindingDispatcher.java:507) [org.eclipse.e4.ui.bindings_0.10.200.v20140424-2042.jar:na]
	at org.eclipse.e4.ui.bindings.keys.KeyBindingDispatcher.processKeyEvent(KeyBindingDispatcher.java:558) [org.eclipse.e4.ui.bindings_0.10.200.v20140424-2042.jar:na]
	at org.eclipse.e4.ui.bindings.keys.KeyBindingDispatcher.filterKeySequenceBindings(KeyBindingDispatcher.java:378) [org.eclipse.e4.ui.bindings_0.10.200.v20140424-2042.jar:na]
	at org.eclipse.e4.ui.bindings.keys.KeyBindingDispatcher.access$0(KeyBindingDispatcher.java:324) [org.eclipse.e4.ui.bindings_0.10.200.v20140424-2042.jar:na]
	at org.eclipse.e4.ui.bindings.keys.KeyBindingDispatcher$KeyDownFilter.handleEvent(KeyBindingDispatcher.java:86) [org.eclipse.e4.ui.bindings_0.10.200.v20140424-2042.jar:na]
	at org.eclipse.swt.widgets.EventTable.sendEvent(EventTable.java:84) [org.eclipse.swt.win32.win32.x86_64_3.103.1.v20140903-1947.jar:na]
	at org.eclipse.swt.widgets.Display.filterEvent(Display.java:1262) [org.eclipse.swt.win32.win32.x86_64_3.103.1.v20140903-1947.jar:na]
	at org.eclipse.swt.widgets.Widget.sendEvent(Widget.java:1060) [org.eclipse.swt.win32.win32.x86_64_3.103.1.v20140903-1947.jar:na]
	at org.eclipse.swt.widgets.Widget.sendEvent(Widget.java:1085) [org.eclipse.swt.win32.win32.x86_64_3.103.1.v20140903-1947.jar:na]
	at org.eclipse.swt.widgets.Widget.sendEvent(Widget.java:1070) [org.eclipse.swt.win32.win32.x86_64_3.103.1.v20140903-1947.jar:na]
	at org.eclipse.swt.widgets.Widget.sendKeyEvent(Widget.java:1112) [org.eclipse.swt.win32.win32.x86_64_3.103.1.v20140903-1947.jar:na]
	at org.eclipse.swt.widgets.Widget.sendKeyEvent(Widget.java:1108) [org.eclipse.swt.win32.win32.x86_64_3.103.1.v20140903-1947.jar:na]
	at org.eclipse.swt.widgets.Widget.wmChar(Widget.java:1529) [org.eclipse.swt.win32.win32.x86_64_3.103.1.v20140903-1947.jar:na]
	at org.eclipse.swt.widgets.Control.WM_CHAR(Control.java:4722) [org.eclipse.swt.win32.win32.x86_64_3.103.1.v20140903-1947.jar:na]
	at org.eclipse.swt.widgets.Canvas.WM_CHAR(Canvas.java:343) [org.eclipse.swt.win32.win32.x86_64_3.103.1.v20140903-1947.jar:na]
	at org.eclipse.swt.widgets.Control.windowProc(Control.java:4610) [org.eclipse.swt.win32.win32.x86_64_3.103.1.v20140903-1947.jar:na]
	at org.eclipse.swt.widgets.Canvas.windowProc(Canvas.java:339) [org.eclipse.swt.win32.win32.x86_64_3.103.1.v20140903-1947.jar:na]
	at org.eclipse.swt.widgets.Display.windowProc(Display.java:5023) [org.eclipse.swt.win32.win32.x86_64_3.103.1.v20140903-1947.jar:na]
	at org.eclipse.swt.internal.win32.OS.DispatchMessageW(Native Method) [org.eclipse.swt.win32.win32.x86_64_3.103.1.v20140903-1947.jar:na]
	at org.eclipse.swt.internal.win32.OS.DispatchMessage(OS.java:2549) [org.eclipse.swt.win32.win32.x86_64_3.103.1.v20140903-1947.jar:na]
	at org.eclipse.swt.widgets.Display.readAndDispatch(Display.java:3759) [org.eclipse.swt.win32.win32.x86_64_3.103.1.v20140903-1947.jar:na]
	at org.eclipse.e4.ui.internal.workbench.swt.PartRenderingEngine$9.run(PartRenderingEngine.java:1151) [org.eclipse.e4.ui.workbench.swt_0.12.100.v20140530-1436.jar:na]
	at org.eclipse.core.databinding.observable.Realm.runWithDefault(Realm.java:332) [org.eclipse.core.databinding.observable_1.4.1.v20140210-1835.jar:na]
	at org.eclipse.e4.ui.internal.workbench.swt.PartRenderingEngine.run(PartRenderingEngine.java:1032) [org.eclipse.e4.ui.workbench.swt_0.12.100.v20140530-1436.jar:na]
	at org.eclipse.e4.ui.internal.workbench.E4Workbench.createAndRunUI(E4Workbench.java:148) [org.eclipse.e4.ui.workbench_1.2.1.v20140901-1244.jar:na]
	at org.eclipse.ui.internal.Workbench$5.run(Workbench.java:636) [org.eclipse.ui.workbench_3.106.1.v20140827-1737.jar:na]
	at org.eclipse.core.databinding.observable.Realm.runWithDefault(Realm.java:332) [org.eclipse.core.databinding.observable_1.4.1.v20140210-1835.jar:na]
	at org.eclipse.ui.internal.Workbench.createAndRunWorkbench(Workbench.java:579) [org.eclipse.ui.workbench_3.106.1.v20140827-1737.jar:na]
	at org.eclipse.ui.PlatformUI.createAndRunWorkbench(PlatformUI.java:150) [org.eclipse.ui.workbench_3.106.1.v20140827-1737.jar:na]
	at org.eclipse.ui.internal.ide.application.IDEApplication.start(IDEApplication.java:135) [org.eclipse.ui.ide.application_1.0.500.v20140514-2033.jar:na]
	at org.eclipse.equinox.internal.app.EclipseAppHandle.run(EclipseAppHandle.java:196) [org.eclipse.equinox.app_1.3.200.v20130910-1609.jar:na]
	at org.eclipse.core.runtime.internal.adaptor.EclipseAppLauncher.runApplication(EclipseAppLauncher.java:134) [org.eclipse.osgi_3.10.1.v20140909-1633.jar:na]
	at org.eclipse.core.runtime.internal.adaptor.EclipseAppLauncher.start(EclipseAppLauncher.java:104) [org.eclipse.osgi_3.10.1.v20140909-1633.jar:na]
	at org.eclipse.core.runtime.adaptor.EclipseStarter.run(EclipseStarter.java:380) [org.eclipse.osgi_3.10.1.v20140909-1633.jar:na]
	at org.eclipse.core.runtime.adaptor.EclipseStarter.run(EclipseStarter.java:235) [org.eclipse.osgi_3.10.1.v20140909-1633.jar:na]
	at sun.reflect.NativeMethodAccessorImpl.invoke0(Native Method) ~[na:1.8.0_31]
	at sun.reflect.NativeMethodAccessorImpl.invoke(Unknown Source) ~[na:1.8.0_31]
	at sun.reflect.DelegatingMethodAccessorImpl.invoke(Unknown Source) ~[na:1.8.0_31]
	at java.lang.reflect.Method.invoke(Unknown Source) ~[na:1.8.0_31]
	at org.eclipse.equinox.launcher.Main.invokeFramework(Main.java:648) [org.eclipse.equinox.launcher_1.3.0.v20140415-2008.jar:na]
	at org.eclipse.equinox.launcher.Main.basicRun(Main.java:603) [org.eclipse.equinox.launcher_1.3.0.v20140415-2008.jar:na]
	at org.eclipse.equinox.launcher.Main.run(Main.java:1465) [org.eclipse.equinox.launcher_1.3.0.v20140415-2008.jar:na]
2015-04-28 18:35:22,607 [main] ERROR o.e.r.m.a.MavenCentralFingerprintSearchAdvisor - Exception when querying Solr Server <http://search.maven.org/solrsearch>
org.apache.solr.client.solrj.SolrServerException: java.net.UnknownHostException: search.maven.org
	at org.apache.solr.client.solrj.impl.CommonsHttpSolrServer.request(CommonsHttpSolrServer.java:480) ~[org.apache.solr.client.solrj_3.5.0.v20120530-0900.jar:na]
	at org.apache.solr.client.solrj.impl.CommonsHttpSolrServer.request(CommonsHttpSolrServer.java:246) ~[org.apache.solr.client.solrj_3.5.0.v20120530-0900.jar:na]
	at org.apache.solr.client.solrj.request.QueryRequest.process(QueryRequest.java:89) ~[na:na]
	at org.apache.solr.client.solrj.SolrServer.query(SolrServer.java:266) ~[org.apache.solr.client.solrj_3.5.0.v20120530-0900.jar:na]
	at org.eclipse.recommenders.models.advisors.MavenCentralFingerprintSearchAdvisor.doSuggest(MavenCentralFingerprintSearchAdvisor.java:91) ~[org.eclipse.recommenders.models_2.1.9.v20140917-1240.jar:na]
	at org.eclipse.recommenders.models.advisors.AbstractProjectCoordinateAdvisor.suggest(AbstractProjectCoordinateAdvisor.java:29) [org.eclipse.recommenders.models_2.1.9.v20140917-1240.jar:na]
	at org.eclipse.recommenders.models.rcp.advisors.EclipseMavenCentralFingerprintSearchAdvisor.suggest(EclipseMavenCentralFingerprintSearchAdvisor.java:55) [org.eclipse.recommenders.models.rcp_2.1.9.v20140917-1240.jar:na]
	at org.eclipse.recommenders.models.advisors.ProjectCoordinateAdvisorService.suggest(ProjectCoordinateAdvisorService.java:52) [org.eclipse.recommenders.models_2.1.9.v20140917-1240.jar:na]
	at org.eclipse.recommenders.internal.models.rcp.EclipseProjectCoordinateAdvisorService$2.load(EclipseProjectCoordinateAdvisorService.java:101) [org.eclipse.recommenders.models.rcp_2.1.9.v20140917-1240.jar:na]
	at org.eclipse.recommenders.internal.models.rcp.EclipseProjectCoordinateAdvisorService$2.load(EclipseProjectCoordinateAdvisorService.java:1) [org.eclipse.recommenders.models.rcp_2.1.9.v20140917-1240.jar:na]
	at com.google.common.cache.LocalCache$LoadingValueReference.loadFuture(LocalCache.java:3522) [com.google.guava_15.0.0.v201403281430.jar:na]
	at com.google.common.cache.LocalCache$Segment.loadSync(LocalCache.java:2315) [com.google.guava_15.0.0.v201403281430.jar:na]
	at com.google.common.cache.LocalCache$Segment.lockedGetOrLoad(LocalCache.java:2278) [com.google.guava_15.0.0.v201403281430.jar:na]
	at com.google.common.cache.LocalCache$Segment.get(LocalCache.java:2193) [com.google.guava_15.0.0.v201403281430.jar:na]
	at com.google.common.cache.LocalCache.get(LocalCache.java:3932) [com.google.guava_15.0.0.v201403281430.jar:na]
	at com.google.common.cache.LocalCache.getOrLoad(LocalCache.java:3936) [com.google.guava_15.0.0.v201403281430.jar:na]
	at com.google.common.cache.LocalCache$LocalLoadingCache.get(LocalCache.java:4806) [com.google.guava_15.0.0.v201403281430.jar:na]
	at org.eclipse.recommenders.internal.models.rcp.EclipseProjectCoordinateAdvisorService.suggest(EclipseProjectCoordinateAdvisorService.java:137) [org.eclipse.recommenders.models.rcp_2.1.9.v20140917-1240.jar:na]
	at org.eclipse.recommenders.internal.models.rcp.ProjectCoordinateProvider.resolve(ProjectCoordinateProvider.java:190) [org.eclipse.recommenders.models.rcp_2.1.9.v20140917-1240.jar:na]
	at org.eclipse.recommenders.internal.models.rcp.ProjectCoordinateProvider.resolve(ProjectCoordinateProvider.java:125) [org.eclipse.recommenders.models.rcp_2.1.9.v20140917-1240.jar:na]
	at org.eclipse.recommenders.internal.models.rcp.ProjectCoordinateProvider.resolve(ProjectCoordinateProvider.java:99) [org.eclipse.recommenders.models.rcp_2.1.9.v20140917-1240.jar:na]
	at org.eclipse.recommenders.internal.models.rcp.ProjectCoordinateProvider.toUniqueName(ProjectCoordinateProvider.java:195) [org.eclipse.recommenders.models.rcp_2.1.9.v20140917-1240.jar:na]
	at org.eclipse.recommenders.internal.calls.rcp.CallCompletionSessionProcessor.findReceiverTypeAndModel(CallCompletionSessionProcessor.java:122) [org.eclipse.recommenders.calls.rcp_2.1.9.v20140917-1240.jar:na]
	at org.eclipse.recommenders.internal.calls.rcp.CallCompletionSessionProcessor.startSession(CallCompletionSessionProcessor.java:111) [org.eclipse.recommenders.calls.rcp_2.1.9.v20140917-1240.jar:na]
	at org.eclipse.recommenders.completion.rcp.processable.IntelligentCompletionProposalComputer.fireStartSession(IntelligentCompletionProposalComputer.java:229) [org.eclipse.recommenders.completion.rcp_2.1.9.v20140917-1240.jar:na]
	at org.eclipse.recommenders.completion.rcp.processable.IntelligentCompletionProposalComputer.computeCompletionProposals(IntelligentCompletionProposalComputer.java:131) [org.eclipse.recommenders.completion.rcp_2.1.9.v20140917-1240.jar:na]
	at org.eclipse.jdt.internal.ui.text.java.CompletionProposalComputerDescriptor.computeCompletionProposals(CompletionProposalComputerDescriptor.java:333) [org.eclipse.jdt.ui_3.10.1.v20140817-1500.jar:na]
	at org.eclipse.jdt.internal.ui.text.java.CompletionProposalCategory.computeCompletionProposals(CompletionProposalCategory.java:337) [org.eclipse.jdt.ui_3.10.1.v20140817-1500.jar:na]
	at org.eclipse.jdt.internal.ui.text.java.ContentAssistProcessor.collectProposals(ContentAssistProcessor.java:325) [org.eclipse.jdt.ui_3.10.1.v20140817-1500.jar:na]
	at org.eclipse.jdt.internal.ui.text.java.ContentAssistProcessor.computeCompletionProposals(ContentAssistProcessor.java:282) [org.eclipse.jdt.ui_3.10.1.v20140817-1500.jar:na]
	at org.eclipse.jface.text.contentassist.ContentAssistant.computeCompletionProposals(ContentAssistant.java:1861) [org.eclipse.jface.text_3.9.1.v20140827-1810.jar:na]
	at org.eclipse.jface.text.contentassist.CompletionProposalPopup.computeProposals(CompletionProposalPopup.java:573) [org.eclipse.jface.text_3.9.1.v20140827-1810.jar:na]
	at org.eclipse.jface.text.contentassist.CompletionProposalPopup.access$16(CompletionProposalPopup.java:570) [org.eclipse.jface.text_3.9.1.v20140827-1810.jar:na]
	at org.eclipse.jface.text.contentassist.CompletionProposalPopup$2.run(CompletionProposalPopup.java:505) [org.eclipse.jface.text_3.9.1.v20140827-1810.jar:na]
	at org.eclipse.swt.custom.BusyIndicator.showWhile(BusyIndicator.java:70) [org.eclipse.swt.win32.win32.x86_64_3.103.1.v20140903-1947.jar:na]
	at org.eclipse.jface.text.contentassist.CompletionProposalPopup.showProposals(CompletionProposalPopup.java:499) [org.eclipse.jface.text_3.9.1.v20140827-1810.jar:na]
	at org.eclipse.jface.text.contentassist.ContentAssistant$2.run(ContentAssistant.java:378) [org.eclipse.jface.text_3.9.1.v20140827-1810.jar:na]
	at org.eclipse.swt.widgets.RunnableLock.run(RunnableLock.java:35) [org.eclipse.swt.win32.win32.x86_64_3.103.1.v20140903-1947.jar:na]
	at org.eclipse.swt.widgets.Synchronizer.runAsyncMessages(Synchronizer.java:136) [org.eclipse.swt.win32.win32.x86_64_3.103.1.v20140903-1947.jar:na]
	at org.eclipse.swt.widgets.Display.runAsyncMessages(Display.java:4147) [org.eclipse.swt.win32.win32.x86_64_3.103.1.v20140903-1947.jar:na]
	at org.eclipse.swt.widgets.Display.readAndDispatch(Display.java:3764) [org.eclipse.swt.win32.win32.x86_64_3.103.1.v20140903-1947.jar:na]
	at org.eclipse.e4.ui.internal.workbench.swt.PartRenderingEngine$9.run(PartRenderingEngine.java:1151) [org.eclipse.e4.ui.workbench.swt_0.12.100.v20140530-1436.jar:na]
	at org.eclipse.core.databinding.observable.Realm.runWithDefault(Realm.java:332) [org.eclipse.core.databinding.observable_1.4.1.v20140210-1835.jar:na]
	at org.eclipse.e4.ui.internal.workbench.swt.PartRenderingEngine.run(PartRenderingEngine.java:1032) [org.eclipse.e4.ui.workbench.swt_0.12.100.v20140530-1436.jar:na]
	at org.eclipse.e4.ui.internal.workbench.E4Workbench.createAndRunUI(E4Workbench.java:148) [org.eclipse.e4.ui.workbench_1.2.1.v20140901-1244.jar:na]
	at org.eclipse.ui.internal.Workbench$5.run(Workbench.java:636) [org.eclipse.ui.workbench_3.106.1.v20140827-1737.jar:na]
	at org.eclipse.core.databinding.observable.Realm.runWithDefault(Realm.java:332) [org.eclipse.core.databinding.observable_1.4.1.v20140210-1835.jar:na]
	at org.eclipse.ui.internal.Workbench.createAndRunWorkbench(Workbench.java:579) [org.eclipse.ui.workbench_3.106.1.v20140827-1737.jar:na]
	at org.eclipse.ui.PlatformUI.createAndRunWorkbench(PlatformUI.java:150) [org.eclipse.ui.workbench_3.106.1.v20140827-1737.jar:na]
	at org.eclipse.ui.internal.ide.application.IDEApplication.start(IDEApplication.java:135) [org.eclipse.ui.ide.application_1.0.500.v20140514-2033.jar:na]
	at org.eclipse.equinox.internal.app.EclipseAppHandle.run(EclipseAppHandle.java:196) [org.eclipse.equinox.app_1.3.200.v20130910-1609.jar:na]
	at org.eclipse.core.runtime.internal.adaptor.EclipseAppLauncher.runApplication(EclipseAppLauncher.java:134) [org.eclipse.osgi_3.10.1.v20140909-1633.jar:na]
	at org.eclipse.core.runtime.internal.adaptor.EclipseAppLauncher.start(EclipseAppLauncher.java:104) [org.eclipse.osgi_3.10.1.v20140909-1633.jar:na]
	at org.eclipse.core.runtime.adaptor.EclipseStarter.run(EclipseStarter.java:380) [org.eclipse.osgi_3.10.1.v20140909-1633.jar:na]
	at org.eclipse.core.runtime.adaptor.EclipseStarter.run(EclipseStarter.java:235) [org.eclipse.osgi_3.10.1.v20140909-1633.jar:na]
	at sun.reflect.NativeMethodAccessorImpl.invoke0(Native Method) ~[na:1.8.0_31]
	at sun.reflect.NativeMethodAccessorImpl.invoke(Unknown Source) ~[na:1.8.0_31]
	at sun.reflect.DelegatingMethodAccessorImpl.invoke(Unknown Source) ~[na:1.8.0_31]
	at java.lang.reflect.Method.invoke(Unknown Source) ~[na:1.8.0_31]
	at org.eclipse.equinox.launcher.Main.invokeFramework(Main.java:648) [org.eclipse.equinox.launcher_1.3.0.v20140415-2008.jar:na]
	at org.eclipse.equinox.launcher.Main.basicRun(Main.java:603) [org.eclipse.equinox.launcher_1.3.0.v20140415-2008.jar:na]
	at org.eclipse.equinox.launcher.Main.run(Main.java:1465) [org.eclipse.equinox.launcher_1.3.0.v20140415-2008.jar:na]
java.net.UnknownHostException: search.maven.org
	at java.net.AbstractPlainSocketImpl.connect(Unknown Source) ~[na:1.8.0_31]
	at java.net.PlainSocketImpl.connect(Unknown Source) ~[na:1.8.0_31]
	at java.net.SocksSocketImpl.connect(Unknown Source) ~[na:1.8.0_31]
	at java.net.Socket.connect(Unknown Source) ~[na:1.8.0_31]
	at java.net.Socket.connect(Unknown Source) ~[na:1.8.0_31]
	at java.net.Socket.<init>(Unknown Source) ~[na:1.8.0_31]
	at java.net.Socket.<init>(Unknown Source) ~[na:1.8.0_31]
	at org.apache.commons.httpclient.protocol.DefaultProtocolSocketFactory.createSocket(DefaultProtocolSocketFactory.java:80) ~[na:na]
	at org.apache.commons.httpclient.protocol.ControllerThreadSocketFactory$1.doit(ControllerThreadSocketFactory.java:91) ~[na:na]
	at org.apache.commons.httpclient.protocol.ControllerThreadSocketFactory$SocketTask.run(ControllerThreadSocketFactory.java:158) ~[na:na]
	at java.lang.Thread.run(Unknown Source) ~[na:1.8.0_31]
2015-04-29 07:33:06,344 [main] ERROR o.e.r.m.a.MavenCentralFingerprintSearchAdvisor - Exception when querying Solr Server <http://search.maven.org/solrsearch>
org.apache.solr.client.solrj.SolrServerException: java.net.UnknownHostException: search.maven.org
	at org.apache.solr.client.solrj.impl.CommonsHttpSolrServer.request(CommonsHttpSolrServer.java:480) ~[org.apache.solr.client.solrj_3.5.0.v20120530-0900.jar:na]
	at org.apache.solr.client.solrj.impl.CommonsHttpSolrServer.request(CommonsHttpSolrServer.java:246) ~[org.apache.solr.client.solrj_3.5.0.v20120530-0900.jar:na]
	at org.apache.solr.client.solrj.request.QueryRequest.process(QueryRequest.java:89) ~[na:na]
	at org.apache.solr.client.solrj.SolrServer.query(SolrServer.java:266) ~[org.apache.solr.client.solrj_3.5.0.v20120530-0900.jar:na]
	at org.eclipse.recommenders.models.advisors.MavenCentralFingerprintSearchAdvisor.doSuggest(MavenCentralFingerprintSearchAdvisor.java:91) ~[org.eclipse.recommenders.models_2.1.9.v20140917-1240.jar:na]
	at org.eclipse.recommenders.models.advisors.AbstractProjectCoordinateAdvisor.suggest(AbstractProjectCoordinateAdvisor.java:29) [org.eclipse.recommenders.models_2.1.9.v20140917-1240.jar:na]
	at org.eclipse.recommenders.models.rcp.advisors.EclipseMavenCentralFingerprintSearchAdvisor.suggest(EclipseMavenCentralFingerprintSearchAdvisor.java:55) [org.eclipse.recommenders.models.rcp_2.1.9.v20140917-1240.jar:na]
	at org.eclipse.recommenders.models.advisors.ProjectCoordinateAdvisorService.suggest(ProjectCoordinateAdvisorService.java:52) [org.eclipse.recommenders.models_2.1.9.v20140917-1240.jar:na]
	at org.eclipse.recommenders.internal.models.rcp.EclipseProjectCoordinateAdvisorService$2.load(EclipseProjectCoordinateAdvisorService.java:101) [org.eclipse.recommenders.models.rcp_2.1.9.v20140917-1240.jar:na]
	at org.eclipse.recommenders.internal.models.rcp.EclipseProjectCoordinateAdvisorService$2.load(EclipseProjectCoordinateAdvisorService.java:1) [org.eclipse.recommenders.models.rcp_2.1.9.v20140917-1240.jar:na]
	at com.google.common.cache.LocalCache$LoadingValueReference.loadFuture(LocalCache.java:3522) [com.google.guava_15.0.0.v201403281430.jar:na]
	at com.google.common.cache.LocalCache$Segment.loadSync(LocalCache.java:2315) [com.google.guava_15.0.0.v201403281430.jar:na]
	at com.google.common.cache.LocalCache$Segment.lockedGetOrLoad(LocalCache.java:2278) [com.google.guava_15.0.0.v201403281430.jar:na]
	at com.google.common.cache.LocalCache$Segment.get(LocalCache.java:2193) [com.google.guava_15.0.0.v201403281430.jar:na]
	at com.google.common.cache.LocalCache.get(LocalCache.java:3932) [com.google.guava_15.0.0.v201403281430.jar:na]
	at com.google.common.cache.LocalCache.getOrLoad(LocalCache.java:3936) [com.google.guava_15.0.0.v201403281430.jar:na]
	at com.google.common.cache.LocalCache$LocalLoadingCache.get(LocalCache.java:4806) [com.google.guava_15.0.0.v201403281430.jar:na]
	at org.eclipse.recommenders.internal.models.rcp.EclipseProjectCoordinateAdvisorService.suggest(EclipseProjectCoordinateAdvisorService.java:137) [org.eclipse.recommenders.models.rcp_2.1.9.v20140917-1240.jar:na]
	at org.eclipse.recommenders.internal.models.rcp.ProjectCoordinateProvider.resolve(ProjectCoordinateProvider.java:190) [org.eclipse.recommenders.models.rcp_2.1.9.v20140917-1240.jar:na]
	at org.eclipse.recommenders.internal.models.rcp.ProjectCoordinateProvider.resolve(ProjectCoordinateProvider.java:125) [org.eclipse.recommenders.models.rcp_2.1.9.v20140917-1240.jar:na]
	at org.eclipse.recommenders.internal.models.rcp.ProjectCoordinateProvider.resolve(ProjectCoordinateProvider.java:99) [org.eclipse.recommenders.models.rcp_2.1.9.v20140917-1240.jar:na]
	at org.eclipse.recommenders.internal.models.rcp.ProjectCoordinateProvider.toUniqueName(ProjectCoordinateProvider.java:195) [org.eclipse.recommenders.models.rcp_2.1.9.v20140917-1240.jar:na]
	at org.eclipse.recommenders.internal.calls.rcp.CallCompletionSessionProcessor.findReceiverTypeAndModel(CallCompletionSessionProcessor.java:122) [org.eclipse.recommenders.calls.rcp_2.1.9.v20140917-1240.jar:na]
	at org.eclipse.recommenders.internal.calls.rcp.CallCompletionSessionProcessor.startSession(CallCompletionSessionProcessor.java:111) [org.eclipse.recommenders.calls.rcp_2.1.9.v20140917-1240.jar:na]
	at org.eclipse.recommenders.completion.rcp.processable.IntelligentCompletionProposalComputer.fireStartSession(IntelligentCompletionProposalComputer.java:229) [org.eclipse.recommenders.completion.rcp_2.1.9.v20140917-1240.jar:na]
	at org.eclipse.recommenders.completion.rcp.processable.IntelligentCompletionProposalComputer.computeCompletionProposals(IntelligentCompletionProposalComputer.java:131) [org.eclipse.recommenders.completion.rcp_2.1.9.v20140917-1240.jar:na]
	at org.eclipse.jdt.internal.ui.text.java.CompletionProposalComputerDescriptor.computeCompletionProposals(CompletionProposalComputerDescriptor.java:333) [org.eclipse.jdt.ui_3.10.1.v20140817-1500.jar:na]
	at org.eclipse.jdt.internal.ui.text.java.CompletionProposalCategory.computeCompletionProposals(CompletionProposalCategory.java:337) [org.eclipse.jdt.ui_3.10.1.v20140817-1500.jar:na]
	at org.eclipse.jdt.internal.ui.text.java.ContentAssistProcessor.collectProposals(ContentAssistProcessor.java:325) [org.eclipse.jdt.ui_3.10.1.v20140817-1500.jar:na]
	at org.eclipse.jdt.internal.ui.text.java.ContentAssistProcessor.computeCompletionProposals(ContentAssistProcessor.java:282) [org.eclipse.jdt.ui_3.10.1.v20140817-1500.jar:na]
	at org.eclipse.jface.text.contentassist.ContentAssistant.computeCompletionProposals(ContentAssistant.java:1861) [org.eclipse.jface.text_3.9.1.v20140827-1810.jar:na]
	at org.eclipse.jface.text.contentassist.CompletionProposalPopup.computeProposals(CompletionProposalPopup.java:573) [org.eclipse.jface.text_3.9.1.v20140827-1810.jar:na]
	at org.eclipse.jface.text.contentassist.CompletionProposalPopup.access$16(CompletionProposalPopup.java:570) [org.eclipse.jface.text_3.9.1.v20140827-1810.jar:na]
	at org.eclipse.jface.text.contentassist.CompletionProposalPopup$2.run(CompletionProposalPopup.java:505) [org.eclipse.jface.text_3.9.1.v20140827-1810.jar:na]
	at org.eclipse.swt.custom.BusyIndicator.showWhile(BusyIndicator.java:70) [org.eclipse.swt.win32.win32.x86_64_3.103.1.v20140903-1947.jar:na]
	at org.eclipse.jface.text.contentassist.CompletionProposalPopup.showProposals(CompletionProposalPopup.java:499) [org.eclipse.jface.text_3.9.1.v20140827-1810.jar:na]
	at org.eclipse.jface.text.contentassist.ContentAssistant.showPossibleCompletions(ContentAssistant.java:1687) [org.eclipse.jface.text_3.9.1.v20140827-1810.jar:na]
	at org.eclipse.jdt.internal.ui.javaeditor.CompilationUnitEditor$AdaptedSourceViewer.doOperation(CompilationUnitEditor.java:183) [org.eclipse.jdt.ui_3.10.1.v20140817-1500.jar:na]
	at org.eclipse.ui.texteditor.ContentAssistAction$1.run(ContentAssistAction.java:82) [org.eclipse.ui.workbench.texteditor_3.9.0.v20140411-1521.jar:na]
	at org.eclipse.swt.custom.BusyIndicator.showWhile(BusyIndicator.java:70) [org.eclipse.swt.win32.win32.x86_64_3.103.1.v20140903-1947.jar:na]
	at org.eclipse.ui.texteditor.ContentAssistAction.run(ContentAssistAction.java:80) [org.eclipse.ui.workbench.texteditor_3.9.0.v20140411-1521.jar:na]
	at org.eclipse.jface.action.Action.runWithEvent(Action.java:519) [org.eclipse.jface_3.10.1.v20140813-1009.jar:na]
	at org.eclipse.jface.commands.ActionHandler.execute(ActionHandler.java:122) [org.eclipse.jface_3.10.1.v20140813-1009.jar:na]
	at org.eclipse.ui.internal.handlers.E4HandlerProxy.execute(E4HandlerProxy.java:90) [org.eclipse.ui.workbench_3.106.1.v20140827-1737.jar:na]
	at sun.reflect.GeneratedMethodAccessor37.invoke(Unknown Source) ~[na:na]
	at sun.reflect.DelegatingMethodAccessorImpl.invoke(Unknown Source) ~[na:1.8.0_31]
	at java.lang.reflect.Method.invoke(Unknown Source) ~[na:1.8.0_31]
	at org.eclipse.e4.core.internal.di.MethodRequestor.execute(MethodRequestor.java:55) [org.eclipse.e4.core.di_1.4.0.v20140414-1837.jar:na]
	at org.eclipse.e4.core.internal.di.InjectorImpl.invokeUsingClass(InjectorImpl.java:247) [org.eclipse.e4.core.di_1.4.0.v20140414-1837.jar:na]
	at org.eclipse.e4.core.internal.di.InjectorImpl.invoke(InjectorImpl.java:229) [org.eclipse.e4.core.di_1.4.0.v20140414-1837.jar:na]
	at org.eclipse.e4.core.contexts.ContextInjectionFactory.invoke(ContextInjectionFactory.java:132) [org.eclipse.e4.core.contexts_1.3.100.v20140407-1019.jar:na]
	at org.eclipse.e4.core.commands.internal.HandlerServiceHandler.execute(HandlerServiceHandler.java:149) [org.eclipse.e4.core.commands_0.10.2.v20140424-2344.jar:na]
	at org.eclipse.core.commands.Command.executeWithChecks(Command.java:499) [org.eclipse.core.commands_3.6.100.v20140528-1422.jar:na]
	at org.eclipse.core.commands.ParameterizedCommand.executeWithChecks(ParameterizedCommand.java:508) [org.eclipse.core.commands_3.6.100.v20140528-1422.jar:na]
	at org.eclipse.e4.core.commands.internal.HandlerServiceImpl.executeHandler(HandlerServiceImpl.java:210) [org.eclipse.e4.core.commands_0.10.2.v20140424-2344.jar:na]
	at org.eclipse.e4.ui.bindings.keys.KeyBindingDispatcher.executeCommand(KeyBindingDispatcher.java:286) [org.eclipse.e4.ui.bindings_0.10.200.v20140424-2042.jar:na]
	at org.eclipse.e4.ui.bindings.keys.KeyBindingDispatcher.press(KeyBindingDispatcher.java:507) [org.eclipse.e4.ui.bindings_0.10.200.v20140424-2042.jar:na]
	at org.eclipse.e4.ui.bindings.keys.KeyBindingDispatcher.processKeyEvent(KeyBindingDispatcher.java:558) [org.eclipse.e4.ui.bindings_0.10.200.v20140424-2042.jar:na]
	at org.eclipse.e4.ui.bindings.keys.KeyBindingDispatcher.filterKeySequenceBindings(KeyBindingDispatcher.java:378) [org.eclipse.e4.ui.bindings_0.10.200.v20140424-2042.jar:na]
	at org.eclipse.e4.ui.bindings.keys.KeyBindingDispatcher.access$0(KeyBindingDispatcher.java:324) [org.eclipse.e4.ui.bindings_0.10.200.v20140424-2042.jar:na]
	at org.eclipse.e4.ui.bindings.keys.KeyBindingDispatcher$KeyDownFilter.handleEvent(KeyBindingDispatcher.java:86) [org.eclipse.e4.ui.bindings_0.10.200.v20140424-2042.jar:na]
	at org.eclipse.swt.widgets.EventTable.sendEvent(EventTable.java:84) [org.eclipse.swt.win32.win32.x86_64_3.103.1.v20140903-1947.jar:na]
	at org.eclipse.swt.widgets.Display.filterEvent(Display.java:1262) [org.eclipse.swt.win32.win32.x86_64_3.103.1.v20140903-1947.jar:na]
	at org.eclipse.swt.widgets.Widget.sendEvent(Widget.java:1060) [org.eclipse.swt.win32.win32.x86_64_3.103.1.v20140903-1947.jar:na]
	at org.eclipse.swt.widgets.Widget.sendEvent(Widget.java:1085) [org.eclipse.swt.win32.win32.x86_64_3.103.1.v20140903-1947.jar:na]
	at org.eclipse.swt.widgets.Widget.sendEvent(Widget.java:1070) [org.eclipse.swt.win32.win32.x86_64_3.103.1.v20140903-1947.jar:na]
	at org.eclipse.swt.widgets.Widget.sendKeyEvent(Widget.java:1112) [org.eclipse.swt.win32.win32.x86_64_3.103.1.v20140903-1947.jar:na]
	at org.eclipse.swt.widgets.Widget.sendKeyEvent(Widget.java:1108) [org.eclipse.swt.win32.win32.x86_64_3.103.1.v20140903-1947.jar:na]
	at org.eclipse.swt.widgets.Widget.wmChar(Widget.java:1529) [org.eclipse.swt.win32.win32.x86_64_3.103.1.v20140903-1947.jar:na]
	at org.eclipse.swt.widgets.Control.WM_CHAR(Control.java:4722) [org.eclipse.swt.win32.win32.x86_64_3.103.1.v20140903-1947.jar:na]
	at org.eclipse.swt.widgets.Canvas.WM_CHAR(Canvas.java:343) [org.eclipse.swt.win32.win32.x86_64_3.103.1.v20140903-1947.jar:na]
	at org.eclipse.swt.widgets.Control.windowProc(Control.java:4610) [org.eclipse.swt.win32.win32.x86_64_3.103.1.v20140903-1947.jar:na]
	at org.eclipse.swt.widgets.Canvas.windowProc(Canvas.java:339) [org.eclipse.swt.win32.win32.x86_64_3.103.1.v20140903-1947.jar:na]
	at org.eclipse.swt.widgets.Display.windowProc(Display.java:5023) [org.eclipse.swt.win32.win32.x86_64_3.103.1.v20140903-1947.jar:na]
	at org.eclipse.swt.internal.win32.OS.DispatchMessageW(Native Method) [org.eclipse.swt.win32.win32.x86_64_3.103.1.v20140903-1947.jar:na]
	at org.eclipse.swt.internal.win32.OS.DispatchMessage(OS.java:2549) [org.eclipse.swt.win32.win32.x86_64_3.103.1.v20140903-1947.jar:na]
	at org.eclipse.swt.widgets.Display.readAndDispatch(Display.java:3759) [org.eclipse.swt.win32.win32.x86_64_3.103.1.v20140903-1947.jar:na]
	at org.eclipse.e4.ui.internal.workbench.swt.PartRenderingEngine$9.run(PartRenderingEngine.java:1151) [org.eclipse.e4.ui.workbench.swt_0.12.100.v20140530-1436.jar:na]
	at org.eclipse.core.databinding.observable.Realm.runWithDefault(Realm.java:332) [org.eclipse.core.databinding.observable_1.4.1.v20140210-1835.jar:na]
	at org.eclipse.e4.ui.internal.workbench.swt.PartRenderingEngine.run(PartRenderingEngine.java:1032) [org.eclipse.e4.ui.workbench.swt_0.12.100.v20140530-1436.jar:na]
	at org.eclipse.e4.ui.internal.workbench.E4Workbench.createAndRunUI(E4Workbench.java:148) [org.eclipse.e4.ui.workbench_1.2.1.v20140901-1244.jar:na]
	at org.eclipse.ui.internal.Workbench$5.run(Workbench.java:636) [org.eclipse.ui.workbench_3.106.1.v20140827-1737.jar:na]
	at org.eclipse.core.databinding.observable.Realm.runWithDefault(Realm.java:332) [org.eclipse.core.databinding.observable_1.4.1.v20140210-1835.jar:na]
	at org.eclipse.ui.internal.Workbench.createAndRunWorkbench(Workbench.java:579) [org.eclipse.ui.workbench_3.106.1.v20140827-1737.jar:na]
	at org.eclipse.ui.PlatformUI.createAndRunWorkbench(PlatformUI.java:150) [org.eclipse.ui.workbench_3.106.1.v20140827-1737.jar:na]
	at org.eclipse.ui.internal.ide.application.IDEApplication.start(IDEApplication.java:135) [org.eclipse.ui.ide.application_1.0.500.v20140514-2033.jar:na]
	at org.eclipse.equinox.internal.app.EclipseAppHandle.run(EclipseAppHandle.java:196) [org.eclipse.equinox.app_1.3.200.v20130910-1609.jar:na]
	at org.eclipse.core.runtime.internal.adaptor.EclipseAppLauncher.runApplication(EclipseAppLauncher.java:134) [org.eclipse.osgi_3.10.1.v20140909-1633.jar:na]
	at org.eclipse.core.runtime.internal.adaptor.EclipseAppLauncher.start(EclipseAppLauncher.java:104) [org.eclipse.osgi_3.10.1.v20140909-1633.jar:na]
	at org.eclipse.core.runtime.adaptor.EclipseStarter.run(EclipseStarter.java:380) [org.eclipse.osgi_3.10.1.v20140909-1633.jar:na]
	at org.eclipse.core.runtime.adaptor.EclipseStarter.run(EclipseStarter.java:235) [org.eclipse.osgi_3.10.1.v20140909-1633.jar:na]
	at sun.reflect.NativeMethodAccessorImpl.invoke0(Native Method) ~[na:1.8.0_31]
	at sun.reflect.NativeMethodAccessorImpl.invoke(Unknown Source) ~[na:1.8.0_31]
	at sun.reflect.DelegatingMethodAccessorImpl.invoke(Unknown Source) ~[na:1.8.0_31]
	at java.lang.reflect.Method.invoke(Unknown Source) ~[na:1.8.0_31]
	at org.eclipse.equinox.launcher.Main.invokeFramework(Main.java:648) [org.eclipse.equinox.launcher_1.3.0.v20140415-2008.jar:na]
	at org.eclipse.equinox.launcher.Main.basicRun(Main.java:603) [org.eclipse.equinox.launcher_1.3.0.v20140415-2008.jar:na]
	at org.eclipse.equinox.launcher.Main.run(Main.java:1465) [org.eclipse.equinox.launcher_1.3.0.v20140415-2008.jar:na]
java.net.UnknownHostException: search.maven.org
	at java.net.AbstractPlainSocketImpl.connect(Unknown Source) ~[na:1.8.0_31]
	at java.net.PlainSocketImpl.connect(Unknown Source) ~[na:1.8.0_31]
	at java.net.SocksSocketImpl.connect(Unknown Source) ~[na:1.8.0_31]
	at java.net.Socket.connect(Unknown Source) ~[na:1.8.0_31]
	at java.net.Socket.connect(Unknown Source) ~[na:1.8.0_31]
	at java.net.Socket.<init>(Unknown Source) ~[na:1.8.0_31]
	at java.net.Socket.<init>(Unknown Source) ~[na:1.8.0_31]
	at org.apache.commons.httpclient.protocol.DefaultProtocolSocketFactory.createSocket(DefaultProtocolSocketFactory.java:80) ~[na:na]
	at org.apache.commons.httpclient.protocol.ControllerThreadSocketFactory$1.doit(ControllerThreadSocketFactory.java:91) ~[na:na]
	at org.apache.commons.httpclient.protocol.ControllerThreadSocketFactory$SocketTask.run(ControllerThreadSocketFactory.java:158) ~[na:na]
	at java.lang.Thread.run(Unknown Source) ~[na:1.8.0_31]
2015-05-30 22:31:57,010 [main] WARN  o.e.r.i.c.rcp.TypeBindingAnalyzer - Can't handle class org.eclipse.jdt.internal.compiler.ast.AllocationExpression as parent of completion location.
2015-05-31 22:33:35,518 [main] WARN  o.e.r.c.r.p.ProcessableProposalFactory - Unknown JDT proposal type 'class org.eclipse.jdt.internal.ui.text.javadoc.JavadocInlineTagCompletionProposal' ('{@docRoot}'). Returning original proposal instead.
2015-05-31 22:33:35,592 [main] WARN  o.e.r.c.r.p.ProcessableProposalFactory - Unknown JDT proposal type 'class org.eclipse.jdt.internal.ui.text.javadoc.JavadocInlineTagCompletionProposal' ('{@linkplain}'). Returning original proposal instead.
2015-05-31 22:33:35,593 [main] WARN  o.e.r.c.r.p.ProcessableProposalFactory - Unknown JDT proposal type 'class org.eclipse.jdt.internal.ui.text.javadoc.JavadocInlineTagCompletionProposal' ('{@code}'). Returning original proposal instead.
2015-05-31 22:33:35,595 [main] WARN  o.e.r.c.r.p.ProcessableProposalFactory - Unknown JDT proposal type 'class org.eclipse.jdt.internal.ui.text.javadoc.JavadocInlineTagCompletionProposal' ('{@value}'). Returning original proposal instead.
2015-05-31 22:33:35,612 [main] WARN  o.e.r.c.r.p.ProcessableProposalFactory - Unknown JDT proposal type 'class org.eclipse.jdt.internal.ui.text.javadoc.JavadocInlineTagCompletionProposal' ('{@literal}'). Returning original proposal instead.
2015-05-31 22:33:35,614 [main] WARN  o.e.r.c.r.p.ProcessableProposalFactory - Unknown JDT proposal type 'class org.eclipse.jdt.internal.ui.text.javadoc.JavadocInlineTagCompletionProposal' ('{@link}'). Returning original proposal instead.
2015-11-27 17:34:33,892 [main] INFO  c.g.t.t.d.PublishedGradleVersions - Gradle version information cache file is not out-of-date. No remote download required.
2015-11-27 17:42:35,487 [main] INFO  c.g.t.t.d.PublishedGradleVersions - Gradle version information cache file is not out-of-date. No remote download required.
2017-06-09 16:23:53,258 [Worker-2] ERROR o.e.m.c.i.p.r.ProjectRegistryReader - Can't read workspace state
java.io.InvalidClassException: org.eclipse.m2e.core.internal.project.registry.BasicProjectRegistry; local class incompatible: stream classdesc serialVersionUID = 5542512601401896748, local class serialVersionUID = 6232274446642339434
	at java.io.ObjectStreamClass.initNonProxy(ObjectStreamClass.java:616) ~[na:1.8.0_131]
	at java.io.ObjectInputStream.readNonProxyDesc(ObjectInputStream.java:1843) ~[na:1.8.0_131]
	at java.io.ObjectInputStream.readClassDesc(ObjectInputStream.java:1713) ~[na:1.8.0_131]
	at java.io.ObjectInputStream.readNonProxyDesc(ObjectInputStream.java:1843) ~[na:1.8.0_131]
	at java.io.ObjectInputStream.readClassDesc(ObjectInputStream.java:1713) ~[na:1.8.0_131]
	at java.io.ObjectInputStream.readOrdinaryObject(ObjectInputStream.java:2000) ~[na:1.8.0_131]
	at java.io.ObjectInputStream.readObject0(ObjectInputStream.java:1535) ~[na:1.8.0_131]
	at java.io.ObjectInputStream.readObject(ObjectInputStream.java:422) ~[na:1.8.0_131]
	at org.eclipse.m2e.core.internal.project.registry.ProjectRegistryReader.readWorkspaceState(ProjectRegistryReader.java:100) ~[org.eclipse.m2e.core_1.7.0.20160603-1933.jar:na]
	at org.eclipse.m2e.core.internal.project.registry.ProjectRegistryManager.<init>(ProjectRegistryManager.java:164) [org.eclipse.m2e.core_1.7.0.20160603-1933.jar:na]
	at org.eclipse.m2e.core.internal.MavenPluginActivator.start(MavenPluginActivator.java:211) [org.eclipse.m2e.core_1.7.0.20160603-1933.jar:na]
	at org.eclipse.osgi.internal.framework.BundleContextImpl$3.run(BundleContextImpl.java:774) [org.eclipse.osgi_3.11.3.v20170209-1843.jar:na]
	at org.eclipse.osgi.internal.framework.BundleContextImpl$3.run(BundleContextImpl.java:1) [org.eclipse.osgi_3.11.3.v20170209-1843.jar:na]
	at java.security.AccessController.doPrivileged(Native Method) [na:1.8.0_131]
	at org.eclipse.osgi.internal.framework.BundleContextImpl.startActivator(BundleContextImpl.java:767) [org.eclipse.osgi_3.11.3.v20170209-1843.jar:na]
	at org.eclipse.osgi.internal.framework.BundleContextImpl.start(BundleContextImpl.java:724) [org.eclipse.osgi_3.11.3.v20170209-1843.jar:na]
	at org.eclipse.osgi.internal.framework.EquinoxBundle.startWorker0(EquinoxBundle.java:932) [org.eclipse.osgi_3.11.3.v20170209-1843.jar:na]
	at org.eclipse.osgi.internal.framework.EquinoxBundle$EquinoxModule.startWorker(EquinoxBundle.java:309) [org.eclipse.osgi_3.11.3.v20170209-1843.jar:na]
	at org.eclipse.osgi.container.Module.doStart(Module.java:581) [org.eclipse.osgi_3.11.3.v20170209-1843.jar:na]
	at org.eclipse.osgi.container.Module.start(Module.java:449) [org.eclipse.osgi_3.11.3.v20170209-1843.jar:na]
	at org.eclipse.osgi.framework.util.SecureAction.start(SecureAction.java:470) [org.eclipse.osgi_3.11.3.v20170209-1843.jar:na]
	at org.eclipse.osgi.internal.hooks.EclipseLazyStarter.postFindLocalClass(EclipseLazyStarter.java:107) [org.eclipse.osgi_3.11.3.v20170209-1843.jar:na]
	at org.eclipse.osgi.internal.loader.classpath.ClasspathManager.findLocalClass(ClasspathManager.java:529) [org.eclipse.osgi_3.11.3.v20170209-1843.jar:na]
	at org.eclipse.osgi.internal.loader.ModuleClassLoader.findLocalClass(ModuleClassLoader.java:325) [org.eclipse.osgi_3.11.3.v20170209-1843.jar:na]
	at org.eclipse.osgi.internal.loader.BundleLoader.findLocalClass(BundleLoader.java:345) [org.eclipse.osgi_3.11.3.v20170209-1843.jar:na]
	at org.eclipse.osgi.internal.loader.BundleLoader.findClassInternal(BundleLoader.java:423) [org.eclipse.osgi_3.11.3.v20170209-1843.jar:na]
	at org.eclipse.osgi.internal.loader.BundleLoader.findClass(BundleLoader.java:372) [org.eclipse.osgi_3.11.3.v20170209-1843.jar:na]
	at org.eclipse.osgi.internal.loader.BundleLoader.findClass(BundleLoader.java:364) [org.eclipse.osgi_3.11.3.v20170209-1843.jar:na]
	at org.eclipse.osgi.internal.loader.ModuleClassLoader.loadClass(ModuleClassLoader.java:161) [org.eclipse.osgi_3.11.3.v20170209-1843.jar:na]
	at java.lang.ClassLoader.loadClass(ClassLoader.java:357) [na:1.8.0_131]
	at org.eclipse.osgi.internal.framework.EquinoxBundle.loadClass(EquinoxBundle.java:564) [org.eclipse.osgi_3.11.3.v20170209-1843.jar:na]
	at org.eclipse.core.internal.registry.osgi.RegistryStrategyOSGI.createExecutableExtension(RegistryStrategyOSGI.java:174) [org.eclipse.equinox.registry_3.6.100.v20160223-2218.jar:na]
	at org.eclipse.core.internal.registry.ExtensionRegistry.createExecutableExtension(ExtensionRegistry.java:905) [org.eclipse.equinox.registry_3.6.100.v20160223-2218.jar:na]
	at org.eclipse.core.internal.registry.ConfigurationElement.createExecutableExtension(ConfigurationElement.java:243) [org.eclipse.equinox.registry_3.6.100.v20160223-2218.jar:na]
	at org.eclipse.core.internal.registry.ConfigurationElementHandle.createExecutableExtension(ConfigurationElementHandle.java:55) [org.eclipse.equinox.registry_3.6.100.v20160223-2218.jar:na]
	at org.eclipse.core.internal.preferences.PreferenceServiceRegistryHelper.runInitializer(PreferenceServiceRegistryHelper.java:289) [org.eclipse.equinox.preferences_3.6.1.v20160815-1406.jar:na]
	at org.eclipse.core.internal.preferences.PreferenceServiceRegistryHelper.applyRuntimeDefaults(PreferenceServiceRegistryHelper.java:131) [org.eclipse.equinox.preferences_3.6.1.v20160815-1406.jar:na]
	at org.eclipse.core.internal.preferences.PreferencesService.applyRuntimeDefaults(PreferencesService.java:370) [org.eclipse.equinox.preferences_3.6.1.v20160815-1406.jar:na]
	at org.eclipse.core.internal.preferences.DefaultPreferences.applyRuntimeDefaults(DefaultPreferences.java:222) [org.eclipse.equinox.preferences_3.6.1.v20160815-1406.jar:na]
	at org.eclipse.core.internal.preferences.DefaultPreferences.load(DefaultPreferences.java:276) [org.eclipse.equinox.preferences_3.6.1.v20160815-1406.jar:na]
	at org.eclipse.core.internal.preferences.EclipsePreferences.create(EclipsePreferences.java:370) [org.eclipse.equinox.preferences_3.6.1.v20160815-1406.jar:na]
	at org.eclipse.core.internal.preferences.EclipsePreferences.internalNode(EclipsePreferences.java:623) [org.eclipse.equinox.preferences_3.6.1.v20160815-1406.jar:na]
	at org.eclipse.core.internal.preferences.EclipsePreferences.node(EclipsePreferences.java:766) [org.eclipse.equinox.preferences_3.6.1.v20160815-1406.jar:na]
	at org.eclipse.core.internal.preferences.RootPreferences.getNode(RootPreferences.java:105) [org.eclipse.equinox.preferences_3.6.1.v20160815-1406.jar:na]
	at org.eclipse.core.internal.preferences.RootPreferences.node(RootPreferences.java:84) [org.eclipse.equinox.preferences_3.6.1.v20160815-1406.jar:na]
	at org.eclipse.oomph.preferences.util.PreferencesUtil$PreferenceProperty.getEffectiveProperty(PreferencesUtil.java:824) [org.eclipse.oomph.preferences_1.7.0.v20170104-1401.jar:na]
	at org.eclipse.oomph.setup.impl.PreferenceTaskImpl.isNeeded(PreferenceTaskImpl.java:363) [org.eclipse.oomph.setup_1.7.0.v20170224-1311.jar:na]
	at org.eclipse.oomph.setup.internal.core.SetupTaskPerformer.initNeededSetupTasks(SetupTaskPerformer.java:1809) [org.eclipse.oomph.setup.core_1.7.0.v20170301-0747.jar:na]
	at org.eclipse.oomph.setup.ui.SetupUIPlugin.performStartup(SetupUIPlugin.java:675) [org.eclipse.oomph.setup.ui_1.7.0.v20170305-1123.jar:na]
	at org.eclipse.oomph.setup.ui.SetupUIPlugin.access$5(SetupUIPlugin.java:414) [org.eclipse.oomph.setup.ui_1.7.0.v20170305-1123.jar:na]
	at org.eclipse.oomph.setup.ui.SetupUIPlugin$1$1.run(SetupUIPlugin.java:253) [org.eclipse.oomph.setup.ui_1.7.0.v20170305-1123.jar:na]
	at org.eclipse.core.internal.jobs.Worker.run(Worker.java:55) [org.eclipse.core.jobs_3.8.0.v20160509-0411.jar:na]
2017-06-09 16:24:15,716 [Worker-11] INFO  c.g.t.t.d.PublishedGradleVersions - Gradle version information cache is up-to-date. Trying to read.
2017-06-09 17:05:43,576 [Worker-1] INFO  c.g.t.t.d.PublishedGradleVersions - Gradle version information cache is up-to-date. Trying to read.
2017-06-12 09:56:45,996 [Worker-1] INFO  c.g.t.t.d.PublishedGradleVersions - Gradle version information cache is up-to-date. Trying to read.
2018-05-24 10:10:15,013 [Worker-0] INFO  c.g.t.t.d.PublishedGradleVersions - Gradle version information cache is up-to-date. Trying to read.
